2020-08-17 15:33:21,391  INFO [main] PayoutTests:41 - Callback server port: 8090
2020-08-17 15:33:21,394  INFO [main] PayoutTests:42 - Base test server port: 8080
2020-08-17 15:33:25,965  INFO [main] Log4jTestWatcher:28 - Success: createRequestPayoutID2_checkCallbackRequestBody_expectRequestBody(tests.PayoutTests)
2020-08-17 15:33:26,001  INFO [main] PayoutTests:41 - Callback server port: 8090
2020-08-17 15:33:26,001  INFO [main] PayoutTests:42 - Base test server port: 8080
2020-08-17 15:33:28,049  INFO [main] Log4jTestWatcher:28 - Success: createRequestPayoutID5_checkCallbackRequestBody_expectRequestBody(tests.PayoutTests)
2020-08-17 15:33:28,081  INFO [main] PayoutTests:41 - Callback server port: 8090
2020-08-17 15:33:28,081  INFO [main] PayoutTests:42 - Base test server port: 8080
2020-08-17 15:33:30,119  INFO [main] Log4jTestWatcher:28 - Success: createRequestPayoutID6_checkCallbackRequestBody_expectRequestBody(tests.PayoutTests)
2020-08-17 15:33:30,154  INFO [main] PayoutTests:41 - Callback server port: 8090
2020-08-17 15:33:30,154  INFO [main] PayoutTests:42 - Base test server port: 8080
2020-08-17 15:33:32,203  INFO [main] Log4jTestWatcher:28 - Success: createRequestPayoutID7_checkCallbackRequestBody_expectRequestBody(tests.PayoutTests)
2020-08-17 15:33:32,226  INFO [main] PayoutTests:41 - Callback server port: 8090
2020-08-17 15:33:32,226  INFO [main] PayoutTests:42 - Base test server port: 8080
2020-08-17 15:33:34,260  INFO [main] Log4jTestWatcher:28 - Success: createRequestPayoutID8_checkCallbackRequestBody_expectRequestBody(tests.PayoutTests)
2020-08-17 15:33:34,295  INFO [main] PayoutTests:41 - Callback server port: 8090
2020-08-17 15:33:34,297  INFO [main] PayoutTests:42 - Base test server port: 8080
2020-08-17 15:33:36,345  INFO [main] Log4jTestWatcher:28 - Success: createRequest_checkCallbackHeader_expectHeader(tests.PayoutTests)
2020-08-17 15:33:36,372  INFO [main] PayoutTests:41 - Callback server port: 8090
2020-08-17 15:33:36,373  INFO [main] PayoutTests:42 - Base test server port: 8080
2020-08-17 15:33:37,170  INFO [main] Log4jTestWatcher:28 - Success: createRequest_checkRequestResponseBody_expectAccepted(tests.PayoutTests)
2020-08-17 15:33:37,218  INFO [main] PayoutTests:41 - Callback server port: 8090
2020-08-17 15:33:37,219  INFO [main] PayoutTests:42 - Base test server port: 8080
2020-08-17 15:33:37,274  INFO [main] Log4jTestWatcher:28 - Success: createRequest_checkRequestResponseBody_expectDuplicateIgnored(tests.PayoutTests)
2020-08-17 15:33:37,310  INFO [main] PayoutTests:41 - Callback server port: 8090
2020-08-17 15:33:37,311  INFO [main] PayoutTests:42 - Base test server port: 8080
2020-08-17 15:33:37,356  INFO [main] Log4jTestWatcher:28 - Success: createRequest_checkRequestResponseReason_expectRejectionReason(tests.PayoutTests)
2020-08-17 15:33:37,385  INFO [main] PayoutTests:41 - Callback server port: 8090
2020-08-17 15:33:37,386  INFO [main] PayoutTests:42 - Base test server port: 8080
2020-08-17 15:33:37,425  INFO [main] Log4jTestWatcher:28 - Success: createRequest_checkRequestResponseStatus_expectRejected(tests.PayoutTests)
2020-08-17 15:33:37,461  INFO [main] PayoutTests:41 - Callback server port: 8090
2020-08-17 15:33:37,461  INFO [main] PayoutTests:42 - Base test server port: 8080
2020-08-17 15:33:37,508  INFO [main] Log4jTestWatcher:28 - Success: createRequest_checkRequestResponse_expectUnknownInternalError(tests.PayoutTests)
2020-08-17 15:33:37,541  INFO [main] PayoutTests:41 - Callback server port: 8090
2020-08-17 15:33:37,543  INFO [main] PayoutTests:42 - Base test server port: 8080
2020-08-17 15:33:37,616  INFO [main] Log4jTestWatcher:28 - Success: createRequest_checkResponseCode_expect200(tests.PayoutTests)
2020-08-17 15:33:37,647  INFO [main] PayoutTests:41 - Callback server port: 8090
2020-08-17 15:33:37,648  INFO [main] PayoutTests:42 - Base test server port: 8080
2020-08-17 15:33:37,734  INFO [main] Log4jTestWatcher:28 - Success: requestTransactionProcessingResponse_checkResponse_expectCancelled(tests.PayoutTests)
2020-08-17 15:33:37,765  INFO [main] PayoutTests:41 - Callback server port: 8090
2020-08-17 15:33:37,766  INFO [main] PayoutTests:42 - Base test server port: 8080
2020-08-17 15:33:37,803  INFO [main] Log4jTestWatcher:28 - Success: requestTransactionProcessingResponse_checkResponse_expectCompleted(tests.PayoutTests)
2020-08-17 15:33:37,832  INFO [main] PayoutTests:41 - Callback server port: 8090
2020-08-17 15:33:37,833  INFO [main] PayoutTests:42 - Base test server port: 8080
2020-08-17 15:33:37,898  INFO [main] Log4jTestWatcher:28 - Success: requestTransactionProcessingResponse_checkResponse_expectFailed(tests.PayoutTests)
2020-08-17 15:33:37,973  INFO [main] PayoutTests:41 - Callback server port: 8090
2020-08-17 15:33:37,973  INFO [main] PayoutTests:42 - Base test server port: 8080
2020-08-17 15:33:38,031  INFO [main] Log4jTestWatcher:28 - Success: requestTransactionProcessingResponse_checkResponse_expectPending(tests.PayoutTests)
2020-08-17 15:33:38,057  INFO [main] PayoutTests:41 - Callback server port: 8090
2020-08-17 15:33:38,057  INFO [main] PayoutTests:42 - Base test server port: 8080
2020-08-17 15:33:38,122  INFO [main] Log4jTestWatcher:28 - Success: requestTransactionProcessingResponse_checkResponse_expectSubmitted(tests.PayoutTests)
2020-08-17 15:33:38,192  INFO [main] PayoutTests:41 - Callback server port: 8090
2020-08-17 15:33:38,193  INFO [main] PayoutTests:42 - Base test server port: 8080
2020-08-17 15:33:38,226  INFO [main] Log4jTestWatcher:28 - Success: requestTransactionProcessingResponse_checkResponse_expectUnknownError(tests.PayoutTests)
2020-08-17 15:33:38,250  INFO [main] PayoutTests:41 - Callback server port: 8090
2020-08-17 15:33:38,250  INFO [main] PayoutTests:42 - Base test server port: 8080
2020-08-17 15:33:38,267  INFO [main] Log4jTestWatcher:28 - Success: requestTransactionProcessingStatusCode_checkResponseCode_expect200(tests.PayoutTests)
2020-08-17 15:33:38,296  INFO [main] PayoutTests:41 - Callback server port: 8090
2020-08-17 15:33:38,296  INFO [main] PayoutTests:42 - Base test server port: 8080
2020-08-17 15:33:40,335  INFO [main] Log4jTestWatcher:28 - Success: sendRequestID9_checkCallbackRequestBody_expectRequestBody(tests.PayoutTests)
